<?xml version="1.0" encoding="UTF-8"?>
<testng-results ignored="0" total="2" passed="2" failed="0" skipped="0">
  <reporter-output>
  </reporter-output>
  <suite started-at="2022-10-26T23:37:50 IDT" name="Suite" finished-at="2022-10-26T23:38:19 IDT" duration-ms="28426">
    <groups>
    </groups>
    <test started-at="2022-10-26T23:37:50 IDT" name="Test" finished-at="2022-10-26T23:38:14 IDT" duration-ms="24197">
      <class name="co.nvidia.AddRemoveItemBasketTest">
        <test-method is-config="true" signature="setup()[pri:0, instance:co.nvidia.AddRemoveItemBasketTest@5a63f509]" started-at="2022-10-26T23:37:50 IDT" name="setup" finished-at="2022-10-26T23:38:03 IDT" duration-ms="12600" status="PASS">
          <reporter-output>
          </reporter-output>
        </test-method> <!-- setup -->
        <test-method signature="addRemoveItem()[pri:0, instance:co.nvidia.AddRemoveItemBasketTest@5a63f509]" started-at="2022-10-26T23:38:03 IDT" name="addRemoveItem" finished-at="2022-10-26T23:38:14 IDT" duration-ms="11045" status="PASS">
          <reporter-output>
          </reporter-output>
        </test-method> <!-- addRemoveItem -->
        <test-method is-config="true" signature="teardown()[pri:0, instance:co.nvidia.AddRemoveItemBasketTest@5a63f509]" started-at="2022-10-26T23:38:14 IDT" name="teardown" finished-at="2022-10-26T23:38:14 IDT" duration-ms="512" status="PASS">
          <reporter-output>
          </reporter-output>
        </test-method> <!-- teardown -->
      </class> <!-- co.nvidia.AddRemoveItemBasketTest -->
    </test> <!-- Test -->
    <test started-at="2022-10-26T23:37:50 IDT" name="Test2" finished-at="2022-10-26T23:38:19 IDT" duration-ms="28426">
      <class name="co.nvidia.OrderCompleteTest">
        <test-method is-config="true" signature="setup()[pri:0, instance:co.nvidia.OrderCompleteTest@7722c3c3]" started-at="2022-10-26T23:37:50 IDT" name="setup" finished-at="2022-10-26T23:38:02 IDT" duration-ms="11879" status="PASS">
          <reporter-output>
          </reporter-output>
        </test-method> <!-- setup -->
        <test-method signature="endToEndTest()[pri:0, instance:co.nvidia.OrderCompleteTest@7722c3c3]" started-at="2022-10-26T23:38:02 IDT" name="endToEndTest" finished-at="2022-10-26T23:38:18 IDT" duration-ms="15603" status="PASS">
          <reporter-output>
          </reporter-output>
        </test-method> <!-- endToEndTest -->
        <test-method is-config="true" signature="teardown()[pri:0, instance:co.nvidia.OrderCompleteTest@7722c3c3]" started-at="2022-10-26T23:38:18 IDT" name="teardown" finished-at="2022-10-26T23:38:19 IDT" duration-ms="505" status="PASS">
          <reporter-output>
          </reporter-output>
        </test-method> <!-- teardown -->
      </class> <!-- co.nvidia.OrderCompleteTest -->
    </test> <!-- Test2 -->
  </suite> <!-- Suite -->
</testng-results>
