<?xml version="1.0" encoding="UTF-8"?>
<testng-results ignored="0" total="2" passed="2" failed="0" skipped="0">
  <reporter-output>
  </reporter-output>
  <suite started-at="2022-10-19T19:47:05 IDT" name="Suite" finished-at="2022-10-19T19:47:58 IDT" duration-ms="53793">
    <groups>
    </groups>
    <test started-at="2022-10-19T19:47:05 IDT" name="Test" finished-at="2022-10-19T19:47:54 IDT" duration-ms="49335">
      <class name="co.nvidia.AddRemoveItemBasketTest">
        <test-method is-config="true" signature="setup()[pri:0, instance:co.nvidia.AddRemoveItemBasketTest@42a48628]" started-at="2022-10-19T19:47:05 IDT" name="setup" finished-at="2022-10-19T19:47:31 IDT" duration-ms="26454" status="PASS">
          <reporter-output>
          </reporter-output>
        </test-method> <!-- setup -->
        <test-method signature="addRemoveItem()[pri:0, instance:co.nvidia.AddRemoveItemBasketTest@42a48628]" started-at="2022-10-19T19:47:31 IDT" name="addRemoveItem" finished-at="2022-10-19T19:47:54 IDT" duration-ms="22516" status="PASS">
          <reporter-output>
          </reporter-output>
        </test-method> <!-- addRemoveItem -->
        <test-method is-config="true" signature="teardown()[pri:0, instance:co.nvidia.AddRemoveItemBasketTest@42a48628]" started-at="2022-10-19T19:47:54 IDT" name="teardown" finished-at="2022-10-19T19:47:54 IDT" duration-ms="323" status="PASS">
          <reporter-output>
          </reporter-output>
        </test-method> <!-- teardown -->
      </class> <!-- co.nvidia.AddRemoveItemBasketTest -->
    </test> <!-- Test -->
    <test started-at="2022-10-19T19:47:05 IDT" name="Test2" finished-at="2022-10-19T19:47:58 IDT" duration-ms="53793">
      <class name="co.nvidia.OrderCompleteTest">
        <test-method is-config="true" signature="setup()[pri:0, instance:co.nvidia.OrderCompleteTest@4afcd809]" started-at="2022-10-19T19:47:05 IDT" name="setup" finished-at="2022-10-19T19:47:31 IDT" duration-ms="26330" status="PASS">
          <reporter-output>
          </reporter-output>
        </test-method> <!-- setup -->
        <test-method signature="endToEndTest()[pri:0, instance:co.nvidia.OrderCompleteTest@4afcd809]" started-at="2022-10-19T19:47:31 IDT" name="endToEndTest" finished-at="2022-10-19T19:47:58 IDT" duration-ms="27083" status="PASS">
          <reporter-output>
          </reporter-output>
        </test-method> <!-- endToEndTest -->
        <test-method is-config="true" signature="teardown()[pri:0, instance:co.nvidia.OrderCompleteTest@4afcd809]" started-at="2022-10-19T19:47:58 IDT" name="teardown" finished-at="2022-10-19T19:47:58 IDT" duration-ms="250" status="PASS">
          <reporter-output>
          </reporter-output>
        </test-method> <!-- teardown -->
      </class> <!-- co.nvidia.OrderCompleteTest -->
    </test> <!-- Test2 -->
  </suite> <!-- Suite -->
</testng-results>
